#
# There is insufficient memory for the Java Runtime Environment to continue.
# Native memory allocation (mmap) failed to map 255852544 bytes for G1 virtual space
# Possible reasons:
#   The system is out of physical RAM or swap space
#   The process is running with CompressedOops enabled, and the Java Heap may be blocking the growth of the native heap
# Possible solutions:
#   Reduce memory load on the system
#   Increase physical memory or swap space
#   Check if swap backing store is full
#   Decrease Java heap size (-Xmx/-Xms)
#   Decrease number of Java threads
#   Decrease Java thread stack sizes (-Xss)
#   Set larger code cache with -XX:ReservedCodeCacheSize=
#   JVM is running with Zero Based Compressed Oops mode in which the Java heap is
#     placed in the first 32GB address space. The Java Heap base address is the
#     maximum limit for the native heap growth. Please use -XX:HeapBaseMinAddress
#     to set the Java Heap base and to place the Java Heap above 32GB virtual address.
# This output file may be truncated or incomplete.
#
#  Out of Memory Error (os_windows.cpp:3617), pid=28628, tid=27692
#
# JRE version:  (17.0.8.1+1) (build )
# Java VM: OpenJDK 64-Bit Server VM (17.0.8.1+1, mixed mode, sharing, tiered, compressed oops, compressed class ptrs, g1 gc, windows-amd64)
# No core dump will be written. Minidumps are not enabled by default on client versions of Windows
#

---------------  S U M M A R Y ------------

Command Line: -Dfile.encoding=UTF-8 --module-path=C:\Users\precise\eclipse-workspace\javawork_fromloli\bin -XX:+ShowCodeDetailsInExceptionMessages -Djdk.module.main=javawork_fromloli javawork_fromloli/javawork_fromloli.llh

Host: AMD Ryzen 7 6800H with Radeon Graphics         , 16 cores, 15G,  Windows 11 , 64 bit Build 22000 (10.0.22000.2124)
Time: Wed Sep 27 12:46:03 2023  Windows 11 , 64 bit Build 22000 (10.0.22000.2124) elapsed time: 0.010421 seconds (0d 0h 0m 0s)

---------------  T H R E A D  ---------------

Current thread (0x000001467e1b9e60):  JavaThread "Unknown thread" [_thread_in_vm, id=27692, stack(0x0000002033500000,0x0000002033600000)]

Stack: [0x0000002033500000,0x0000002033600000]
Native frames: (J=compiled Java code, j=interpreted, Vv=VM code, C=native code)
V  [jvm.dll+0x678b0a]
V  [jvm.dll+0x835e84]
V  [jvm.dll+0x83762e]
V  [jvm.dll+0x837c93]
V  [jvm.dll+0x24746f]
V  [jvm.dll+0x675859]
V  [jvm.dll+0x66a0ea]
V  [jvm.dll+0x306c7b]
V  [jvm.dll+0x30e166]
V  [jvm.dll+0x35dd3e]
V  [jvm.dll+0x35df6f]
V  [jvm.dll+0x2ddb48]
V  [jvm.dll+0x2deab4]
V  [jvm.dll+0x807f31]
V  [jvm.dll+0x36bb21]
V  [jvm.dll+0x7e733c]
V  [jvm.dll+0x3ee4af]
V  [jvm.dll+0x3f00c1]
C  [jli.dll+0x528b]
C  [ucrtbase.dll+0x26c0c]
C  [KERNEL32.DLL+0x155a0]
C  [ntdll.dll+0x485b]


---------------  P R O C E S S  ---------------

Threads class SMR info:
_java_thread_list=0x00007ffae01da018, length=0, elements={
}

Java Threads: ( => current thread )

Other Threads:
  0x000001467e2252d0 GCTaskThread "GC Thread#0" [stack: 0x0000002033600000,0x0000002033700000] [id=27696]
  0x000001467e235f20 ConcurrentGCThread "G1 Main Marker" [stack: 0x0000002033700000,0x0000002033800000] [id=27768]
  0x000001467e238840 ConcurrentGCThread "G1 Conc#0" [stack: 0x0000002033800000,0x0000002033900000] [id=21892]

[error occurred during error reporting (printing all threads), id 0xc0000005, EXCEPTION_ACCESS_VIOLATION (0xc0000005) at pc=0x00007ffadf9ae587]

VM state: not at safepoint (not fully initialized)

VM Mutex/Monitor currently owned by a thread:  ([mutex/lock_event])
[0x000001467e1b3b70] Heap_lock - owner thread: 0x000001467e1b9e60

Heap address: 0x000000070c000000, size: 3904 MB, Compressed Oops mode: Zero based, Oop shift amount: 3

CDS archive(s) mapped at: [0x0000000000000000-0x0000000000000000-0x0000000000000000), size 0, SharedBaseAddress: 0x0000000800000000, ArchiveRelocationMode: 1.
Narrow klass base: 0x0000000000000000, Narrow klass shift: 0, Narrow klass range: 0x0

GC Precious Log:
<Empty>

Heap:
 garbage-first heap   total 0K, used 0K [0x000000070c000000, 0x0000000800000000)
  region size 2048K, 0 young (0K), 0 survivors (0K)

[error occurred during error reporting (printing heap information), id 0xc0000005, EXCEPTION_ACCESS_VIOLATION (0xc0000005) at pc=0x00007ffadfd92699]

GC Heap History (0 events):
No events

Dll operation events (1 events):
Event: 0.005 Loaded shared library C:\Users\precise\.p2\pool\plugins\org.eclipse.justj.openjdk.hotspot.jre.full.win32.x86_64_17.0.8.v20230831-1047\jre\bin\java.dll

Deoptimization events (0 events):
No events

Classes unloaded (0 events):
No events

Classes redefined (0 events):
No events

Internal exceptions (0 events):
No events

VM Operations (0 events):
No events

Events (0 events):
No events


Dynamic libraries:
0x00007ff6c2100000 - 0x00007ff6c210e000 	C:\Users\precise\.p2\pool\plugins\org.eclipse.justj.openjdk.hotspot.jre.full.win32.x86_64_17.0.8.v20230831-1047\jre\bin\javaw.exe
0x00007ffb2e440000 - 0x00007ffb2e649000 	C:\Windows\SYSTEM32\ntdll.dll
0x00007ffb2dc90000 - 0x00007ffb2dd4e000 	C:\Windows\System32\KERNEL32.DLL
0x00007ffb2bb80000 - 0x00007ffb2bf04000 	C:\Windows\System32\KERNELBASE.dll
0x00007ffb2c140000 - 0x00007ffb2c251000 	C:\Windows\System32\ucrtbase.dll
0x00007ffb02960000 - 0x00007ffb02977000 	C:\Users\precise\.p2\pool\plugins\org.eclipse.justj.openjdk.hotspot.jre.full.win32.x86_64_17.0.8.v20230831-1047\jre\bin\jli.dll
0x00007ffb27460000 - 0x00007ffb27479000 	C:\Users\precise\.p2\pool\plugins\org.eclipse.justj.openjdk.hotspot.jre.full.win32.x86_64_17.0.8.v20230831-1047\jre\bin\VCRUNTIME140.dll
0x00007ffb2dd50000 - 0x00007ffb2defd000 	C:\Windows\System32\USER32.dll
0x00007ffb2c260000 - 0x00007ffb2c286000 	C:\Windows\System32\win32u.dll
0x00007ffb1c3f0000 - 0x00007ffb1c695000 	C:\Windows\WinSxS\amd64_microsoft.windows.common-controls_6595b64144ccf1df_6.0.22000.120_none_9d947278b86cc467\COMCTL32.dll
0x00007ffb2d350000 - 0x00007ffb2d37a000 	C:\Windows\System32\GDI32.dll
0x00007ffb2cb70000 - 0x00007ffb2cc13000 	C:\Windows\System32\msvcrt.dll
0x00007ffb2b9c0000 - 0x00007ffb2badf000 	C:\Windows\System32\gdi32full.dll
0x00007ffb2bae0000 - 0x00007ffb2bb7d000 	C:\Windows\System32\msvcp_win.dll
0x00007ffb2d310000 - 0x00007ffb2d341000 	C:\Windows\System32\IMM32.DLL
0x00007ffb27450000 - 0x00007ffb2745c000 	C:\Users\precise\.p2\pool\plugins\org.eclipse.justj.openjdk.hotspot.jre.full.win32.x86_64_17.0.8.v20230831-1047\jre\bin\vcruntime140_1.dll
0x00007ffaf7390000 - 0x00007ffaf7421000 	C:\Users\precise\.p2\pool\plugins\org.eclipse.justj.openjdk.hotspot.jre.full.win32.x86_64_17.0.8.v20230831-1047\jre\bin\msvcp140.dll
0x00007ffadf6c0000 - 0x00007ffae030c000 	C:\Users\precise\.p2\pool\plugins\org.eclipse.justj.openjdk.hotspot.jre.full.win32.x86_64_17.0.8.v20230831-1047\jre\bin\server\jvm.dll
0x00007ffb2d9d0000 - 0x00007ffb2da7f000 	C:\Windows\System32\ADVAPI32.dll
0x00007ffb2e210000 - 0x00007ffb2e2ae000 	C:\Windows\System32\sechost.dll
0x00007ffb2df80000 - 0x00007ffb2e0a1000 	C:\Windows\System32\RPCRT4.dll
0x00007ffb2b7a0000 - 0x00007ffb2b7ed000 	C:\Windows\SYSTEM32\POWRPROF.dll
0x00007ffb255f0000 - 0x00007ffb255f9000 	C:\Windows\SYSTEM32\WSOCK32.dll
0x00007ffb259e0000 - 0x00007ffb25a13000 	C:\Windows\SYSTEM32\WINMM.dll
0x00007ffb2e0b0000 - 0x00007ffb2e11f000 	C:\Windows\System32\WS2_32.dll
0x00007ffb22a80000 - 0x00007ffb22a8a000 	C:\Windows\SYSTEM32\VERSION.dll
0x00007ffb2b780000 - 0x00007ffb2b793000 	C:\Windows\SYSTEM32\UMPDC.dll
0x00007ffb2a940000 - 0x00007ffb2a958000 	C:\Windows\SYSTEM32\kernel.appcore.dll
0x00007ffb255e0000 - 0x00007ffb255ea000 	C:\Users\precise\.p2\pool\plugins\org.eclipse.justj.openjdk.hotspot.jre.full.win32.x86_64_17.0.8.v20230831-1047\jre\bin\jimage.dll
0x00007ffb1f670000 - 0x00007ffb1f891000 	C:\Windows\SYSTEM32\DBGHELP.DLL
0x00007ffb13d20000 - 0x00007ffb13d51000 	C:\Windows\SYSTEM32\dbgcore.DLL
0x00007ffb2b8d0000 - 0x00007ffb2b94f000 	C:\Windows\System32\bcryptPrimitives.dll
0x00007ffb0b030000 - 0x00007ffb0b055000 	C:\Users\precise\.p2\pool\plugins\org.eclipse.justj.openjdk.hotspot.jre.full.win32.x86_64_17.0.8.v20230831-1047\jre\bin\java.dll

dbghelp: loaded successfully - version: 4.0.5 - missing functions: none
symbol engine: initialized successfully - sym options: 0x614 - pdb path: .;C:\Users\precise\.p2\pool\plugins\org.eclipse.justj.openjdk.hotspot.jre.full.win32.x86_64_17.0.8.v20230831-1047\jre\bin;C:\Windows\SYSTEM32;C:\Windows\WinSxS\amd64_microsoft.windows.common-controls_6595b64144ccf1df_6.0.22000.120_none_9d947278b86cc467;C:\Users\precise\.p2\pool\plugins\org.eclipse.justj.openjdk.hotspot.jre.full.win32.x86_64_17.0.8.v20230831-1047\jre\bin\server

VM Arguments:
jvm_args: -Dfile.encoding=UTF-8 --module-path=C:\Users\precise\eclipse-workspace\javawork_fromloli\bin -XX:+ShowCodeDetailsInExceptionMessages -Djdk.module.main=javawork_fromloli 
java_command: javawork_fromloli/javawork_fromloli.llh
java_class_path (initial): <not set>
Launcher Type: SUN_STANDARD

[Global flags]
     intx CICompilerCount                          = 12                                        {product} {ergonomic}
     uint ConcGCThreads                            = 3                                         {product} {ergonomic}
     uint G1ConcRefinementThreads                  = 13                                        {product} {ergonomic}
   size_t G1HeapRegionSize                         = 2097152                                   {product} {ergonomic}
    uintx GCDrainStackTargetSize                   = 64                                        {product} {ergonomic}
   size_t InitialHeapSize                          = 255852544                                 {product} {ergonomic}
   size_t MarkStackSize                            = 4194304                                   {product} {ergonomic}
   size_t MaxHeapSize                              = 4093640704                                {product} {ergonomic}
   size_t MinHeapDeltaBytes                        = 2097152                                   {product} {ergonomic}
   size_t MinHeapSize                              = 8388608                                   {product} {ergonomic}
    uintx NonNMethodCodeHeapSize                   = 7602480                                {pd product} {ergonomic}
    uintx NonProfiledCodeHeapSize                  = 122027880                              {pd product} {ergonomic}
    uintx ProfiledCodeHeapSize                     = 122027880                              {pd product} {ergonomic}
    uintx ReservedCodeCacheSize                    = 251658240                              {pd product} {ergonomic}
     bool SegmentedCodeCache                       = true                                      {product} {ergonomic}
     bool ShowCodeDetailsInExceptionMessages       = true                                   {manageable} {command line}
   size_t SoftMaxHeapSize                          = 4093640704                             {manageable} {ergonomic}
     bool UseCompressedClassPointers               = true                           {product lp64_product} {ergonomic}
     bool UseCompressedOops                        = true                           {product lp64_product} {ergonomic}
     bool UseG1GC                                  = true                                      {product} {ergonomic}
     bool UseLargePagesIndividualAllocation        = false                                  {pd product} {ergonomic}

Logging:
Log output configuration:
 #0: stdout all=warning uptime,level,tags
 #1: stderr all=off uptime,level,tags

Environment Variables:
PATH=C:/Users/precise/.p2/pool/plugins/org.eclipse.justj.openjdk.hotspot.jre.full.win32.x86_64_17.0.8.v20230831-1047/jre/bin/server;C:/Users/precise/.p2/pool/plugins/org.eclipse.justj.openjdk.hotspot.jre.full.win32.x86_64_17.0.8.v20230831-1047/jre/bin;C:\Program Files (x86)\Common Files\Oracle\Java\javapath;C:\Program Files\NVIDIA GPU Computing Toolkit\CUDA\v12.0\bin;C:\Program Files\NVIDIA GPU Computing Toolkit\CUDA\v12.0\libnvvp;C:\Windows\system32;C:\Windows;C:\Windows\System32\Wbem;C:\Windows\System32\WindowsPowerShell\v1.0\;C:\Windows\System32\OpenSSH\;C:\Program Files (x86)\NVIDIA Corporation\PhysX\Common;C:\Program Files\NVIDIA Corporation\NVIDIA NvDLISR;C:\Program Files\dotnet\;C:\Program Files\MATLAB\R2016a\runtime\win64;C:\Program Files\MATLAB\R2016a\bin;C:\Program Files\MATLAB\R2016a\polyspace\bin;C:\Program Files\NVIDIA Corporation\Nsight Compute 2022.4.0\;C:\Users\precise\venv\Scripts;C:\Users\precise\miniconda3;C:\Users\precise\miniconda3\Library\mingw-w64\bin;C:\Users\precise\miniconda3\Library\usr\bin;C:\Users\precise\miniconda3\Library\bin;C:\Users\precise\miniconda3\Scripts;C:\Users\precise\AppData\Local\Microsoft\WindowsApps;C:\Program Files\JetBrains\PyCharm Community Edition 2022.2.3\bin;;C:\Users\precise\Desktop;
USERNAME=precise
OS=Windows_NT
PROCESSOR_IDENTIFIER=AMD64 Family 25 Model 68 Stepping 1, AuthenticAMD
TMP=C:\Users\precise\AppData\Local\Temp
TEMP=C:\Users\precise\AppData\Local\Temp



---------------  S Y S T E M  ---------------

OS:
 Windows 11 , 64 bit Build 22000 (10.0.22000.2124)
OS uptime: 0 days 3:33 hours

CPU: total 16 (initial active 16) (16 cores per cpu, 2 threads per core) family 25 model 68 stepping 1 microcode 0x0, cx8, cmov, fxsr, ht, mmx, 3dnowpref, sse, sse2, sse3, ssse3, sse4a, sse4.1, sse4.2, popcnt, lzcnt, tsc, tscinvbit, avx, avx2, aes, clmul, bmi1, bmi2, adx, sha, fma, vzeroupper, clflush, clflushopt
Processor Information for all 16 processors :
  Max Mhz: 3201, Current Mhz: 3201, Mhz Limit: 3201

Memory: 4k page, system-wide physical 15613M (2874M free)
TotalPageFile size 36852M (AvailPageFile size 223M)
current process WorkingSet (physical memory assigned to process): 11M, peak: 11M
current process commit charge ("private bytes"): 70M, peak: 314M

vm_info: OpenJDK 64-Bit Server VM (17.0.8.1+1) for windows-amd64 JRE (17.0.8.1+1), built on Aug 23 2023 15:29:17 by "admin" with MS VC++ 16.7 (VS2019)

END.
